[ 2015-08-31T10:11:00+08:00 ] 127.0.0.1 /thinkphp/index.php
INFO: [ app_init ] --START--
INFO: Run Behavior\BuildLiteBehavior [ RunTime:0.000000s ]
INFO: [ app_init ] --END-- [ RunTime:0.001500s ]
INFO: [ app_begin ] --START--
INFO: Run Behavior\ReadHtmlCacheBehavior [ RunTime:0.001000s ]
INFO: [ app_begin ] --END-- [ RunTime:0.001000s ]
NOTIC: [2] rand() expects exactly 2 parameters, 1 given D:\xampp\htdocs\thinkphp\Application\Home\Common\function.php 第 12 行.
NOTIC: [2] rand() expects exactly 2 parameters, 1 given D:\xampp\htdocs\thinkphp\Application\Home\Common\function.php 第 12 行.
NOTIC: [2] rand() expects exactly 2 parameters, 1 given D:\xampp\htdocs\thinkphp\Application\Home\Common\function.php 第 12 行.
NOTIC: [2] rand() expects exactly 2 parameters, 1 given D:\xampp\htdocs\thinkphp\Application\Home\Common\function.php 第 12 行.
NOTIC: [2] rand() expects exactly 2 parameters, 1 given D:\xampp\htdocs\thinkphp\Application\Home\Common\function.php 第 12 行.
NOTIC: [2] rand() expects exactly 2 parameters, 1 given D:\xampp\htdocs\thinkphp\Application\Home\Common\function.php 第 12 行.
NOTIC: [2] rand() expects exactly 2 parameters, 1 given D:\xampp\htdocs\thinkphp\Application\Home\Common\function.php 第 12 行.
NOTIC: [2] rand() expects exactly 2 parameters, 1 given D:\xampp\htdocs\thinkphp\Application\Home\Common\function.php 第 12 行.
NOTIC: [2] rand() expects exactly 2 parameters, 1 given D:\xampp\htdocs\thinkphp\Application\Home\Common\function.php 第 12 行.
NOTIC: [2] rand() expects exactly 2 parameters, 1 given D:\xampp\htdocs\thinkphp\Application\Home\Common\function.php 第 12 行.

[ 2015-08-31T10:11:05+08:00 ] 127.0.0.1 /thinkphp/index.php
INFO: [ app_init ] --START--
INFO: Run Behavior\BuildLiteBehavior [ RunTime:0.000000s ]
INFO: [ app_init ] --END-- [ RunTime:0.000501s ]
INFO: [ app_begin ] --START--
INFO: Run Behavior\ReadHtmlCacheBehavior [ RunTime:0.000500s ]
INFO: [ app_begin ] --END-- [ RunTime:0.000500s ]
NOTIC: [2] rand() expects exactly 2 parameters, 1 given D:\xampp\htdocs\thinkphp\Application\Home\Common\function.php 第 12 行.
NOTIC: [2] rand() expects exactly 2 parameters, 1 given D:\xampp\htdocs\thinkphp\Application\Home\Common\function.php 第 12 行.
NOTIC: [2] rand() expects exactly 2 parameters, 1 given D:\xampp\htdocs\thinkphp\Application\Home\Common\function.php 第 12 行.
NOTIC: [2] rand() expects exactly 2 parameters, 1 given D:\xampp\htdocs\thinkphp\Application\Home\Common\function.php 第 12 行.
NOTIC: [2] rand() expects exactly 2 parameters, 1 given D:\xampp\htdocs\thinkphp\Application\Home\Common\function.php 第 12 行.
NOTIC: [2] rand() expects exactly 2 parameters, 1 given D:\xampp\htdocs\thinkphp\Application\Home\Common\function.php 第 12 行.
NOTIC: [2] rand() expects exactly 2 parameters, 1 given D:\xampp\htdocs\thinkphp\Application\Home\Common\function.php 第 12 行.
NOTIC: [2] rand() expects exactly 2 parameters, 1 given D:\xampp\htdocs\thinkphp\Application\Home\Common\function.php 第 12 行.
NOTIC: [2] rand() expects exactly 2 parameters, 1 given D:\xampp\htdocs\thinkphp\Application\Home\Common\function.php 第 12 行.
NOTIC: [2] rand() expects exactly 2 parameters, 1 given D:\xampp\htdocs\thinkphp\Application\Home\Common\function.php 第 12 行.

[ 2015-08-31T10:11:06+08:00 ] 127.0.0.1 /thinkphp/index.php
INFO: [ app_init ] --START--
INFO: Run Behavior\BuildLiteBehavior [ RunTime:0.000000s ]
INFO: [ app_init ] --END-- [ RunTime:0.000500s ]
INFO: [ app_begin ] --START--
INFO: Run Behavior\ReadHtmlCacheBehavior [ RunTime:0.000000s ]
INFO: [ app_begin ] --END-- [ RunTime:0.000000s ]
NOTIC: [2] rand() expects exactly 2 parameters, 1 given D:\xampp\htdocs\thinkphp\Application\Home\Common\function.php 第 12 行.
NOTIC: [2] rand() expects exactly 2 parameters, 1 given D:\xampp\htdocs\thinkphp\Application\Home\Common\function.php 第 12 行.
NOTIC: [2] rand() expects exactly 2 parameters, 1 given D:\xampp\htdocs\thinkphp\Application\Home\Common\function.php 第 12 行.
NOTIC: [2] rand() expects exactly 2 parameters, 1 given D:\xampp\htdocs\thinkphp\Application\Home\Common\function.php 第 12 行.
NOTIC: [2] rand() expects exactly 2 parameters, 1 given D:\xampp\htdocs\thinkphp\Application\Home\Common\function.php 第 12 行.
NOTIC: [2] rand() expects exactly 2 parameters, 1 given D:\xampp\htdocs\thinkphp\Application\Home\Common\function.php 第 12 行.
NOTIC: [2] rand() expects exactly 2 parameters, 1 given D:\xampp\htdocs\thinkphp\Application\Home\Common\function.php 第 12 行.
NOTIC: [2] rand() expects exactly 2 parameters, 1 given D:\xampp\htdocs\thinkphp\Application\Home\Common\function.php 第 12 行.
NOTIC: [2] rand() expects exactly 2 parameters, 1 given D:\xampp\htdocs\thinkphp\Application\Home\Common\function.php 第 12 行.
NOTIC: [2] rand() expects exactly 2 parameters, 1 given D:\xampp\htdocs\thinkphp\Application\Home\Common\function.php 第 12 行.

[ 2015-08-31T10:11:12+08:00 ] 127.0.0.1 /thinkphp/index.php
INFO: [ app_init ] --START--
INFO: Run Behavior\BuildLiteBehavior [ RunTime:0.000000s ]
INFO: [ app_init ] --END-- [ RunTime:0.000500s ]
INFO: [ app_begin ] --START--
INFO: Run Behavior\ReadHtmlCacheBehavior [ RunTime:0.000500s ]
INFO: [ app_begin ] --END-- [ RunTime:0.000500s ]
NOTIC: [2] rand() expects exactly 2 parameters, 1 given D:\xampp\htdocs\thinkphp\Application\Home\Common\function.php 第 12 行.
NOTIC: [2] rand() expects exactly 2 parameters, 1 given D:\xampp\htdocs\thinkphp\Application\Home\Common\function.php 第 12 行.
NOTIC: [2] rand() expects exactly 2 parameters, 1 given D:\xampp\htdocs\thinkphp\Application\Home\Common\function.php 第 12 行.
NOTIC: [2] rand() expects exactly 2 parameters, 1 given D:\xampp\htdocs\thinkphp\Application\Home\Common\function.php 第 12 行.
NOTIC: [2] rand() expects exactly 2 parameters, 1 given D:\xampp\htdocs\thinkphp\Application\Home\Common\function.php 第 12 行.
NOTIC: [2] rand() expects exactly 2 parameters, 1 given D:\xampp\htdocs\thinkphp\Application\Home\Common\function.php 第 12 行.
NOTIC: [2] rand() expects exactly 2 parameters, 1 given D:\xampp\htdocs\thinkphp\Application\Home\Common\function.php 第 12 行.
NOTIC: [2] rand() expects exactly 2 parameters, 1 given D:\xampp\htdocs\thinkphp\Application\Home\Common\function.php 第 12 行.
NOTIC: [2] rand() expects exactly 2 parameters, 1 given D:\xampp\htdocs\thinkphp\Application\Home\Common\function.php 第 12 行.
NOTIC: [2] rand() expects exactly 2 parameters, 1 given D:\xampp\htdocs\thinkphp\Application\Home\Common\function.php 第 12 行.

[ 2015-08-31T10:20:34+08:00 ] 127.0.0.1 /thinkphp/index.php/Home/Index/index.html
INFO: [ app_init ] --START--
INFO: Run Behavior\BuildLiteBehavior [ RunTime:0.000000s ]
INFO: [ app_init ] --END-- [ RunTime:0.000500s ]
INFO: [ app_begin ] --START--
INFO: Run Behavior\ReadHtmlCacheBehavior [ RunTime:0.000500s ]
INFO: [ app_begin ] --END-- [ RunTime:0.000500s ]
NOTIC: [2] rand() expects exactly 2 parameters, 1 given D:\xampp\htdocs\thinkphp\Application\Home\Common\function.php 第 12 行.
NOTIC: [2] rand() expects exactly 2 parameters, 1 given D:\xampp\htdocs\thinkphp\Application\Home\Common\function.php 第 12 行.
NOTIC: [2] rand() expects exactly 2 parameters, 1 given D:\xampp\htdocs\thinkphp\Application\Home\Common\function.php 第 12 行.
NOTIC: [2] rand() expects exactly 2 parameters, 1 given D:\xampp\htdocs\thinkphp\Application\Home\Common\function.php 第 12 行.
NOTIC: [2] rand() expects exactly 2 parameters, 1 given D:\xampp\htdocs\thinkphp\Application\Home\Common\function.php 第 12 行.
NOTIC: [2] rand() expects exactly 2 parameters, 1 given D:\xampp\htdocs\thinkphp\Application\Home\Common\function.php 第 12 行.
NOTIC: [2] rand() expects exactly 2 parameters, 1 given D:\xampp\htdocs\thinkphp\Application\Home\Common\function.php 第 12 行.
NOTIC: [2] rand() expects exactly 2 parameters, 1 given D:\xampp\htdocs\thinkphp\Application\Home\Common\function.php 第 12 行.
NOTIC: [2] rand() expects exactly 2 parameters, 1 given D:\xampp\htdocs\thinkphp\Application\Home\Common\function.php 第 12 行.
NOTIC: [2] rand() expects exactly 2 parameters, 1 given D:\xampp\htdocs\thinkphp\Application\Home\Common\function.php 第 12 行.

[ 2015-08-31T10:20:35+08:00 ] 127.0.0.1 /thinkphp/index.php/Home/Index/index.html
INFO: [ app_init ] --START--
INFO: Run Behavior\BuildLiteBehavior [ RunTime:0.000000s ]
INFO: [ app_init ] --END-- [ RunTime:0.000000s ]
INFO: [ app_begin ] --START--
INFO: Run Behavior\ReadHtmlCacheBehavior [ RunTime:0.000500s ]
INFO: [ app_begin ] --END-- [ RunTime:0.000500s ]
NOTIC: [2] rand() expects exactly 2 parameters, 1 given D:\xampp\htdocs\thinkphp\Application\Home\Common\function.php 第 12 行.
NOTIC: [2] rand() expects exactly 2 parameters, 1 given D:\xampp\htdocs\thinkphp\Application\Home\Common\function.php 第 12 行.
NOTIC: [2] rand() expects exactly 2 parameters, 1 given D:\xampp\htdocs\thinkphp\Application\Home\Common\function.php 第 12 行.
NOTIC: [2] rand() expects exactly 2 parameters, 1 given D:\xampp\htdocs\thinkphp\Application\Home\Common\function.php 第 12 行.
NOTIC: [2] rand() expects exactly 2 parameters, 1 given D:\xampp\htdocs\thinkphp\Application\Home\Common\function.php 第 12 行.
NOTIC: [2] rand() expects exactly 2 parameters, 1 given D:\xampp\htdocs\thinkphp\Application\Home\Common\function.php 第 12 行.
NOTIC: [2] rand() expects exactly 2 parameters, 1 given D:\xampp\htdocs\thinkphp\Application\Home\Common\function.php 第 12 行.
NOTIC: [2] rand() expects exactly 2 parameters, 1 given D:\xampp\htdocs\thinkphp\Application\Home\Common\function.php 第 12 行.
NOTIC: [2] rand() expects exactly 2 parameters, 1 given D:\xampp\htdocs\thinkphp\Application\Home\Common\function.php 第 12 行.
NOTIC: [2] rand() expects exactly 2 parameters, 1 given D:\xampp\htdocs\thinkphp\Application\Home\Common\function.php 第 12 行.

[ 2015-08-31T10:20:39+08:00 ] 127.0.0.1 /thinkphp/index.php
INFO: [ app_init ] --START--
INFO: Run Behavior\BuildLiteBehavior [ RunTime:0.000000s ]
INFO: [ app_init ] --END-- [ RunTime:0.000000s ]
INFO: [ app_begin ] --START--
INFO: Run Behavior\ReadHtmlCacheBehavior [ RunTime:0.000500s ]
INFO: [ app_begin ] --END-- [ RunTime:0.000500s ]
NOTIC: [2] rand() expects exactly 2 parameters, 1 given D:\xampp\htdocs\thinkphp\Application\Home\Common\function.php 第 12 行.
NOTIC: [2] rand() expects exactly 2 parameters, 1 given D:\xampp\htdocs\thinkphp\Application\Home\Common\function.php 第 12 行.
NOTIC: [2] rand() expects exactly 2 parameters, 1 given D:\xampp\htdocs\thinkphp\Application\Home\Common\function.php 第 12 行.
NOTIC: [2] rand() expects exactly 2 parameters, 1 given D:\xampp\htdocs\thinkphp\Application\Home\Common\function.php 第 12 行.
NOTIC: [2] rand() expects exactly 2 parameters, 1 given D:\xampp\htdocs\thinkphp\Application\Home\Common\function.php 第 12 行.
NOTIC: [2] rand() expects exactly 2 parameters, 1 given D:\xampp\htdocs\thinkphp\Application\Home\Common\function.php 第 12 行.
NOTIC: [2] rand() expects exactly 2 parameters, 1 given D:\xampp\htdocs\thinkphp\Application\Home\Common\function.php 第 12 行.
NOTIC: [2] rand() expects exactly 2 parameters, 1 given D:\xampp\htdocs\thinkphp\Application\Home\Common\function.php 第 12 行.
NOTIC: [2] rand() expects exactly 2 parameters, 1 given D:\xampp\htdocs\thinkphp\Application\Home\Common\function.php 第 12 行.
NOTIC: [2] rand() expects exactly 2 parameters, 1 given D:\xampp\htdocs\thinkphp\Application\Home\Common\function.php 第 12 行.

[ 2015-08-31T10:20:40+08:00 ] 127.0.0.1 /thinkphp/index.php
INFO: [ app_init ] --START--
INFO: Run Behavior\BuildLiteBehavior [ RunTime:0.000000s ]
INFO: [ app_init ] --END-- [ RunTime:0.000500s ]
INFO: [ app_begin ] --START--
INFO: Run Behavior\ReadHtmlCacheBehavior [ RunTime:0.000500s ]
INFO: [ app_begin ] --END-- [ RunTime:0.001000s ]
NOTIC: [2] rand() expects exactly 2 parameters, 1 given D:\xampp\htdocs\thinkphp\Application\Home\Common\function.php 第 12 行.
NOTIC: [2] rand() expects exactly 2 parameters, 1 given D:\xampp\htdocs\thinkphp\Application\Home\Common\function.php 第 12 行.
NOTIC: [2] rand() expects exactly 2 parameters, 1 given D:\xampp\htdocs\thinkphp\Application\Home\Common\function.php 第 12 行.
NOTIC: [2] rand() expects exactly 2 parameters, 1 given D:\xampp\htdocs\thinkphp\Application\Home\Common\function.php 第 12 行.
NOTIC: [2] rand() expects exactly 2 parameters, 1 given D:\xampp\htdocs\thinkphp\Application\Home\Common\function.php 第 12 行.
NOTIC: [2] rand() expects exactly 2 parameters, 1 given D:\xampp\htdocs\thinkphp\Application\Home\Common\function.php 第 12 行.
NOTIC: [2] rand() expects exactly 2 parameters, 1 given D:\xampp\htdocs\thinkphp\Application\Home\Common\function.php 第 12 行.
NOTIC: [2] rand() expects exactly 2 parameters, 1 given D:\xampp\htdocs\thinkphp\Application\Home\Common\function.php 第 12 行.
NOTIC: [2] rand() expects exactly 2 parameters, 1 given D:\xampp\htdocs\thinkphp\Application\Home\Common\function.php 第 12 行.
NOTIC: [2] rand() expects exactly 2 parameters, 1 given D:\xampp\htdocs\thinkphp\Application\Home\Common\function.php 第 12 行.

[ 2015-08-31T10:20:41+08:00 ] 127.0.0.1 /thinkphp/index.php
INFO: [ app_init ] --START--
INFO: Run Behavior\BuildLiteBehavior [ RunTime:0.000000s ]
INFO: [ app_init ] --END-- [ RunTime:0.000500s ]
INFO: [ app_begin ] --START--
INFO: Run Behavior\ReadHtmlCacheBehavior [ RunTime:0.000500s ]
INFO: [ app_begin ] --END-- [ RunTime:0.000500s ]
NOTIC: [2] rand() expects exactly 2 parameters, 1 given D:\xampp\htdocs\thinkphp\Application\Home\Common\function.php 第 12 行.
NOTIC: [2] rand() expects exactly 2 parameters, 1 given D:\xampp\htdocs\thinkphp\Application\Home\Common\function.php 第 12 行.
NOTIC: [2] rand() expects exactly 2 parameters, 1 given D:\xampp\htdocs\thinkphp\Application\Home\Common\function.php 第 12 行.
NOTIC: [2] rand() expects exactly 2 parameters, 1 given D:\xampp\htdocs\thinkphp\Application\Home\Common\function.php 第 12 行.
NOTIC: [2] rand() expects exactly 2 parameters, 1 given D:\xampp\htdocs\thinkphp\Application\Home\Common\function.php 第 12 行.
NOTIC: [2] rand() expects exactly 2 parameters, 1 given D:\xampp\htdocs\thinkphp\Application\Home\Common\function.php 第 12 行.
NOTIC: [2] rand() expects exactly 2 parameters, 1 given D:\xampp\htdocs\thinkphp\Application\Home\Common\function.php 第 12 行.
NOTIC: [2] rand() expects exactly 2 parameters, 1 given D:\xampp\htdocs\thinkphp\Application\Home\Common\function.php 第 12 行.
NOTIC: [2] rand() expects exactly 2 parameters, 1 given D:\xampp\htdocs\thinkphp\Application\Home\Common\function.php 第 12 行.
NOTIC: [2] rand() expects exactly 2 parameters, 1 given D:\xampp\htdocs\thinkphp\Application\Home\Common\function.php 第 12 行.

[ 2015-08-31T10:21:50+08:00 ] 127.0.0.1 /thinkphp/index.php/Home/Index/index.html
INFO: [ app_init ] --START--
INFO: Run Behavior\BuildLiteBehavior [ RunTime:0.000000s ]
INFO: [ app_init ] --END-- [ RunTime:0.000500s ]
INFO: [ app_begin ] --START--
INFO: Run Behavior\ReadHtmlCacheBehavior [ RunTime:0.000500s ]
INFO: [ app_begin ] --END-- [ RunTime:0.000500s ]
NOTIC: [2] rand() expects exactly 2 parameters, 1 given D:\xampp\htdocs\thinkphp\Application\Home\Common\function.php 第 12 行.
NOTIC: [2] rand() expects exactly 2 parameters, 1 given D:\xampp\htdocs\thinkphp\Application\Home\Common\function.php 第 12 行.
NOTIC: [2] rand() expects exactly 2 parameters, 1 given D:\xampp\htdocs\thinkphp\Application\Home\Common\function.php 第 12 行.
NOTIC: [2] rand() expects exactly 2 parameters, 1 given D:\xampp\htdocs\thinkphp\Application\Home\Common\function.php 第 12 行.
NOTIC: [2] rand() expects exactly 2 parameters, 1 given D:\xampp\htdocs\thinkphp\Application\Home\Common\function.php 第 12 行.
NOTIC: [2] rand() expects exactly 2 parameters, 1 given D:\xampp\htdocs\thinkphp\Application\Home\Common\function.php 第 12 行.
NOTIC: [2] rand() expects exactly 2 parameters, 1 given D:\xampp\htdocs\thinkphp\Application\Home\Common\function.php 第 12 行.
NOTIC: [2] rand() expects exactly 2 parameters, 1 given D:\xampp\htdocs\thinkphp\Application\Home\Common\function.php 第 12 行.
NOTIC: [2] rand() expects exactly 2 parameters, 1 given D:\xampp\htdocs\thinkphp\Application\Home\Common\function.php 第 12 行.
NOTIC: [2] rand() expects exactly 2 parameters, 1 given D:\xampp\htdocs\thinkphp\Application\Home\Common\function.php 第 12 行.

[ 2015-08-31T10:22:18+08:00 ] 127.0.0.1 /thinkphp/index.php/Home/Index/index.html
INFO: [ app_init ] --START--
INFO: Run Behavior\BuildLiteBehavior [ RunTime:0.000000s ]
INFO: [ app_init ] --END-- [ RunTime:0.000500s ]
INFO: [ app_begin ] --START--
INFO: Run Behavior\ReadHtmlCacheBehavior [ RunTime:0.000500s ]
INFO: [ app_begin ] --END-- [ RunTime:0.000500s ]
NOTIC: [2] rand() expects exactly 2 parameters, 1 given D:\xampp\htdocs\thinkphp\Application\Home\Common\function.php 第 12 行.
NOTIC: [2] rand() expects exactly 2 parameters, 1 given D:\xampp\htdocs\thinkphp\Application\Home\Common\function.php 第 12 行.
NOTIC: [2] rand() expects exactly 2 parameters, 1 given D:\xampp\htdocs\thinkphp\Application\Home\Common\function.php 第 12 行.
NOTIC: [2] rand() expects exactly 2 parameters, 1 given D:\xampp\htdocs\thinkphp\Application\Home\Common\function.php 第 12 行.
NOTIC: [2] rand() expects exactly 2 parameters, 1 given D:\xampp\htdocs\thinkphp\Application\Home\Common\function.php 第 12 行.
NOTIC: [2] rand() expects exactly 2 parameters, 1 given D:\xampp\htdocs\thinkphp\Application\Home\Common\function.php 第 12 行.
NOTIC: [2] rand() expects exactly 2 parameters, 1 given D:\xampp\htdocs\thinkphp\Application\Home\Common\function.php 第 12 行.
NOTIC: [2] rand() expects exactly 2 parameters, 1 given D:\xampp\htdocs\thinkphp\Application\Home\Common\function.php 第 12 行.
NOTIC: [2] rand() expects exactly 2 parameters, 1 given D:\xampp\htdocs\thinkphp\Application\Home\Common\function.php 第 12 行.
NOTIC: [2] rand() expects exactly 2 parameters, 1 given D:\xampp\htdocs\thinkphp\Application\Home\Common\function.php 第 12 行.

[ 2015-08-31T10:22:19+08:00 ] 127.0.0.1 /thinkphp/index.php/Home/Index/index.html
INFO: [ app_init ] --START--
INFO: Run Behavior\BuildLiteBehavior [ RunTime:0.000000s ]
INFO: [ app_init ] --END-- [ RunTime:0.000501s ]
INFO: [ app_begin ] --START--
INFO: Run Behavior\ReadHtmlCacheBehavior [ RunTime:0.000000s ]
INFO: [ app_begin ] --END-- [ RunTime:0.000000s ]
NOTIC: [2] rand() expects exactly 2 parameters, 1 given D:\xampp\htdocs\thinkphp\Application\Home\Common\function.php 第 12 行.
NOTIC: [2] rand() expects exactly 2 parameters, 1 given D:\xampp\htdocs\thinkphp\Application\Home\Common\function.php 第 12 行.
NOTIC: [2] rand() expects exactly 2 parameters, 1 given D:\xampp\htdocs\thinkphp\Application\Home\Common\function.php 第 12 行.
NOTIC: [2] rand() expects exactly 2 parameters, 1 given D:\xampp\htdocs\thinkphp\Application\Home\Common\function.php 第 12 行.
NOTIC: [2] rand() expects exactly 2 parameters, 1 given D:\xampp\htdocs\thinkphp\Application\Home\Common\function.php 第 12 行.
NOTIC: [2] rand() expects exactly 2 parameters, 1 given D:\xampp\htdocs\thinkphp\Application\Home\Common\function.php 第 12 行.
NOTIC: [2] rand() expects exactly 2 parameters, 1 given D:\xampp\htdocs\thinkphp\Application\Home\Common\function.php 第 12 行.
NOTIC: [2] rand() expects exactly 2 parameters, 1 given D:\xampp\htdocs\thinkphp\Application\Home\Common\function.php 第 12 行.
NOTIC: [2] rand() expects exactly 2 parameters, 1 given D:\xampp\htdocs\thinkphp\Application\Home\Common\function.php 第 12 行.
NOTIC: [2] rand() expects exactly 2 parameters, 1 given D:\xampp\htdocs\thinkphp\Application\Home\Common\function.php 第 12 行.

[ 2015-08-31T10:22:19+08:00 ] 127.0.0.1 /thinkphp/index.php/Home/Index/index.html
INFO: [ app_init ] --START--
INFO: Run Behavior\BuildLiteBehavior [ RunTime:0.000000s ]
INFO: [ app_init ] --END-- [ RunTime:0.000500s ]
INFO: [ app_begin ] --START--
INFO: Run Behavior\ReadHtmlCacheBehavior [ RunTime:0.000500s ]
INFO: [ app_begin ] --END-- [ RunTime:0.000500s ]
NOTIC: [2] rand() expects exactly 2 parameters, 1 given D:\xampp\htdocs\thinkphp\Application\Home\Common\function.php 第 12 行.
NOTIC: [2] rand() expects exactly 2 parameters, 1 given D:\xampp\htdocs\thinkphp\Application\Home\Common\function.php 第 12 行.
NOTIC: [2] rand() expects exactly 2 parameters, 1 given D:\xampp\htdocs\thinkphp\Application\Home\Common\function.php 第 12 行.
NOTIC: [2] rand() expects exactly 2 parameters, 1 given D:\xampp\htdocs\thinkphp\Application\Home\Common\function.php 第 12 行.
NOTIC: [2] rand() expects exactly 2 parameters, 1 given D:\xampp\htdocs\thinkphp\Application\Home\Common\function.php 第 12 行.
NOTIC: [2] rand() expects exactly 2 parameters, 1 given D:\xampp\htdocs\thinkphp\Application\Home\Common\function.php 第 12 行.
NOTIC: [2] rand() expects exactly 2 parameters, 1 given D:\xampp\htdocs\thinkphp\Application\Home\Common\function.php 第 12 行.
NOTIC: [2] rand() expects exactly 2 parameters, 1 given D:\xampp\htdocs\thinkphp\Application\Home\Common\function.php 第 12 行.
NOTIC: [2] rand() expects exactly 2 parameters, 1 given D:\xampp\htdocs\thinkphp\Application\Home\Common\function.php 第 12 行.
NOTIC: [2] rand() expects exactly 2 parameters, 1 given D:\xampp\htdocs\thinkphp\Application\Home\Common\function.php 第 12 行.

[ 2015-08-31T10:22:20+08:00 ] 127.0.0.1 /thinkphp/index.php/Home/Index/index.html
INFO: [ app_init ] --START--
INFO: Run Behavior\BuildLiteBehavior [ RunTime:0.000000s ]
INFO: [ app_init ] --END-- [ RunTime:0.000500s ]
INFO: [ app_begin ] --START--
INFO: Run Behavior\ReadHtmlCacheBehavior [ RunTime:0.001001s ]
INFO: [ app_begin ] --END-- [ RunTime:0.001001s ]
NOTIC: [2] rand() expects exactly 2 parameters, 1 given D:\xampp\htdocs\thinkphp\Application\Home\Common\function.php 第 12 行.
NOTIC: [2] rand() expects exactly 2 parameters, 1 given D:\xampp\htdocs\thinkphp\Application\Home\Common\function.php 第 12 行.
NOTIC: [2] rand() expects exactly 2 parameters, 1 given D:\xampp\htdocs\thinkphp\Application\Home\Common\function.php 第 12 行.
NOTIC: [2] rand() expects exactly 2 parameters, 1 given D:\xampp\htdocs\thinkphp\Application\Home\Common\function.php 第 12 行.
NOTIC: [2] rand() expects exactly 2 parameters, 1 given D:\xampp\htdocs\thinkphp\Application\Home\Common\function.php 第 12 行.
NOTIC: [2] rand() expects exactly 2 parameters, 1 given D:\xampp\htdocs\thinkphp\Application\Home\Common\function.php 第 12 行.
NOTIC: [2] rand() expects exactly 2 parameters, 1 given D:\xampp\htdocs\thinkphp\Application\Home\Common\function.php 第 12 行.
NOTIC: [2] rand() expects exactly 2 parameters, 1 given D:\xampp\htdocs\thinkphp\Application\Home\Common\function.php 第 12 行.
NOTIC: [2] rand() expects exactly 2 parameters, 1 given D:\xampp\htdocs\thinkphp\Application\Home\Common\function.php 第 12 行.
NOTIC: [2] rand() expects exactly 2 parameters, 1 given D:\xampp\htdocs\thinkphp\Application\Home\Common\function.php 第 12 行.

